Using pre-set license
Built from '2020.3/release' branch; Version is '2020.3.2f1 (8fd9074bf66c) revision 9427207'; Using compiler version '192528614'; Build Type 'Release'
OS: 'Windows 10 Home; OS build 19042.1348; Version 2009; 64bit' Language: 'ko' Physical Memory: 6091 MB
BatchMode: 1, IsHumanControllingUs: 0, StartBugReporterOnCrash: 0, Is64bit: 1, IsPro: 0

 COMMAND LINE ARGUMENTS:
C:\Program Files\Unity\Hub\Editor\2020.3.2f1\Editor\Unity.exe
-adb2
-batchMode
-noUpm
-name
AssetImportWorker0
-projectPath
C:/Users/hb365/PolygonDungeon
-logFile
Logs/AssetImportWorker0.log
-srvPort
52180
Successfully changed project path to: C:/Users/hb365/PolygonDungeon
C:/Users/hb365/PolygonDungeon
Using Asset Import Pipeline V2.
Refreshing native plugins compatible for Editor in 359.40 ms, found 0 plugins.
Preloading 0 native plugins for Editor in 0.00 ms.
Initialize engine version: 2020.3.2f1 (8fd9074bf66c)
[Subsystems] Discovering subsystems at path C:/Program Files/Unity/Hub/Editor/2020.3.2f1/Editor/Data/Resources/UnitySubsystems
[Subsystems] Discovering subsystems at path C:/Users/hb365/PolygonDungeon/Assets
GfxDevice: creating device client; threaded=0
Direct3D:
    Version:  Direct3D 11.0 [level 11.1]
    Renderer: AMD Radeon(TM) Vega 8 Graphics (ID=0x15d8)
    Vendor:   
    VRAM:     3045 MB
    Driver:   27.20.14544.6
Initialize mono
Mono path[0] = 'C:/Program Files/Unity/Hub/Editor/2020.3.2f1/Editor/Data/Managed'
Mono path[1] = 'C:/Program Files/Unity/Hub/Editor/2020.3.2f1/Editor/Data/MonoBleedingEdge/lib/mono/unityjit'
Mono config path = 'C:/Program Files/Unity/Hub/Editor/2020.3.2f1/Editor/Data/MonoBleedingEdge/etc'
Using monoOptions --debugger-agent=transport=dt_socket,embedding=1,server=y,suspend=n,address=127.0.0.1:56840
Begin MonoManager ReloadAssembly
Registering precompiled unity dll's ...
Register platform support module: C:/Program Files/Unity/Hub/Editor/2020.3.2f1/Editor/Data/PlaybackEngines/WindowsStandaloneSupport/UnityEditor.WindowsStandalone.Extensions.dll
Registered in 0.009086 seconds.
Native extension for WindowsStandalone target not found
Refreshing native plugins compatible for Editor in 122.16 ms, found 0 plugins.
Preloading 0 native plugins for Editor in 0.00 ms.
Invoked RoslynAnalysisRunner static constructor.
RoslynAnalysisRunner will not be running.
RoslynAnalysisRunner has terminated.
Mono: successfully reloaded assembly
- Completed reload, in  4.209 seconds
Platform modules already initialized, skipping
Registering precompiled user dll's ...
Registered in 0.004796 seconds.
Begin MonoManager ReloadAssembly
Native extension for WindowsStandalone target not found
Refreshing native plugins compatible for Editor in 1.33 ms, found 0 plugins.
Preloading 0 native plugins for Editor in 0.00 ms.
Invoked RoslynAnalysisRunner static constructor.
RoslynAnalysisRunner will not be running.
RoslynAnalysisRunner has terminated.
Mono: successfully reloaded assembly
- Completed reload, in  1.900 seconds
Platform modules already initialized, skipping
========================================================================
Worker process is ready to serve import requests
Launched and connected shader compiler UnityShaderCompiler.exe after 0.12 seconds
Refreshing native plugins compatible for Editor in 1.46 ms, found 0 plugins.
Preloading 0 native plugins for Editor in 0.00 ms.
Unloading 1392 Unused Serialized files (Serialized files now loaded: 0)
System memory in use before: 85.4 MB.
System memory in use after: 85.5 MB.

Unloading 12 unused Assets to reduce memory usage. Loaded Objects now: 1852.
Total: 3.855900 ms (FindLiveObjects: 0.595400 ms CreateObjectMapping: 0.332300 ms MarkObjects: 2.772500 ms  DeleteObjects: 0.152500 ms)

========================================================================
Received Import Request.
  path: Assets/Scripts/Characters/Enemy/EnemyCanvas.cs
  artifactKey: Guid(1cb58a17be0f1cc4da4b211bfe471325) Importer(815301076,1909f56bfc062723c751e8b465ee728b)
Start importing Assets/Scripts/Characters/Enemy/EnemyCanvas.cs using Guid(1cb58a17be0f1cc4da4b211bfe471325) Importer(815301076,1909f56bfc062723c751e8b465ee728b)  -> (artifact id: 'e2e151f1fa9233ab4ac8b613b64db928') in 0.076693 seconds
  Import took 0.081870 seconds .

========================================================================
Received Import Request.
  Time since last request: 0.000604 seconds.
  path: Assets/Scripts/Characters/Enemy/FSM/StateMachine.cs
  artifactKey: Guid(9db5e092bf56bf5499a7683be3ff0e4e) Importer(815301076,1909f56bfc062723c751e8b465ee728b)
Start importing Assets/Scripts/Characters/Enemy/FSM/StateMachine.cs using Guid(9db5e092bf56bf5499a7683be3ff0e4e) Importer(815301076,1909f56bfc062723c751e8b465ee728b)  -> (artifact id: 'c6390547cbc89cde05ebce18c0564ffc') in 0.015626 seconds
  Import took 0.020522 seconds .

========================================================================
Received Prepare
Registering precompiled user dll's ...
Registered in 0.004444 seconds.
Begin MonoManager ReloadAssembly
Native extension for WindowsStandalone target not found
Refreshing native plugins compatible for Editor in 0.89 ms, found 0 plugins.
Preloading 0 native plugins for Editor in 0.00 ms.
Invoked RoslynAnalysisRunner static constructor.
RoslynAnalysisRunner will not be running.
RoslynAnalysisRunner has terminated.
Mono: successfully reloaded assembly
- Completed reload, in  1.571 seconds
Platform modules already initialized, skipping
Refreshing native plugins compatible for Editor in 1.18 ms, found 0 plugins.
Preloading 0 native plugins for Editor in 0.00 ms.
Unloading 1370 Unused Serialized files (Serialized files now loaded: 0)
System memory in use before: 83.8 MB.
System memory in use after: 83.8 MB.

Unloading 7 unused Assets to reduce memory usage. Loaded Objects now: 1855.
Total: 2.537000 ms (FindLiveObjects: 0.224400 ms CreateObjectMapping: 0.048500 ms MarkObjects: 2.162400 ms  DeleteObjects: 0.099900 ms)

========================================================================
Received Prepare
Registering precompiled user dll's ...
Registered in 0.007361 seconds.
Begin MonoManager ReloadAssembly
Native extension for WindowsStandalone target not found
Refreshing native plugins compatible for Editor in 0.90 ms, found 0 plugins.
Preloading 0 native plugins for Editor in 0.00 ms.
Invoked RoslynAnalysisRunner static constructor.
RoslynAnalysisRunner will not be running.
RoslynAnalysisRunner has terminated.
Mono: successfully reloaded assembly
- Completed reload, in  2.089 seconds
Platform modules already initialized, skipping
Refreshing native plugins compatible for Editor in 0.91 ms, found 0 plugins.
Preloading 0 native plugins for Editor in 0.00 ms.
Unloading 1370 Unused Serialized files (Serialized files now loaded: 0)
System memory in use before: 83.8 MB.
System memory in use after: 83.9 MB.

Unloading 7 unused Assets to reduce memory usage. Loaded Objects now: 1858.
Total: 3.350800 ms (FindLiveObjects: 0.405800 ms CreateObjectMapping: 0.084800 ms MarkObjects: 2.711200 ms  DeleteObjects: 0.146200 ms)

========================================================================
Received Prepare
Registering precompiled user dll's ...
Registered in 0.005466 seconds.
Begin MonoManager ReloadAssembly
Native extension for WindowsStandalone target not found
Refreshing native plugins compatible for Editor in 0.81 ms, found 0 plugins.
Preloading 0 native plugins for Editor in 0.00 ms.
Invoked RoslynAnalysisRunner static constructor.
RoslynAnalysisRunner will not be running.
RoslynAnalysisRunner has terminated.
Mono: successfully reloaded assembly
- Completed reload, in  1.645 seconds
Platform modules already initialized, skipping
Refreshing native plugins compatible for Editor in 1.25 ms, found 0 plugins.
Preloading 0 native plugins for Editor in 0.00 ms.
Unloading 1370 Unused Serialized files (Serialized files now loaded: 0)
System memory in use before: 83.8 MB.
System memory in use after: 83.9 MB.

Unloading 7 unused Assets to reduce memory usage. Loaded Objects now: 1861.
Total: 2.933700 ms (FindLiveObjects: 0.337500 ms CreateObjectMapping: 0.066000 ms MarkObjects: 2.399000 ms  DeleteObjects: 0.129000 ms)

========================================================================
Received Prepare
Registering precompiled user dll's ...
Registered in 0.008908 seconds.
Begin MonoManager ReloadAssembly
Native extension for WindowsStandalone target not found
Refreshing native plugins compatible for Editor in 1.21 ms, found 0 plugins.
Preloading 0 native plugins for Editor in 0.00 ms.
Invoked RoslynAnalysisRunner static constructor.
RoslynAnalysisRunner will not be running.
RoslynAnalysisRunner has terminated.
Mono: successfully reloaded assembly
- Completed reload, in  1.979 seconds
Platform modules already initialized, skipping
Refreshing native plugins compatible for Editor in 0.89 ms, found 0 plugins.
Preloading 0 native plugins for Editor in 0.00 ms.
Unloading 1370 Unused Serialized files (Serialized files now loaded: 0)
System memory in use before: 83.8 MB.
System memory in use after: 83.9 MB.

Unloading 7 unused Assets to reduce memory usage. Loaded Objects now: 1864.
Total: 4.494200 ms (FindLiveObjects: 0.346200 ms CreateObjectMapping: 0.073000 ms MarkObjects: 3.940100 ms  DeleteObjects: 0.131700 ms)

========================================================================
Received Prepare
Registering precompiled user dll's ...
Registered in 0.010226 seconds.
Begin MonoManager ReloadAssembly
Native extension for WindowsStandalone target not found
Refreshing native plugins compatible for Editor in 1.05 ms, found 0 plugins.
Preloading 0 native plugins for Editor in 0.00 ms.
Invoked RoslynAnalysisRunner static constructor.
RoslynAnalysisRunner will not be running.
RoslynAnalysisRunner has terminated.
Mono: successfully reloaded assembly
- Completed reload, in  1.608 seconds
Platform modules already initialized, skipping
Refreshing native plugins compatible for Editor in 0.99 ms, found 0 plugins.
Preloading 0 native plugins for Editor in 0.00 ms.
Unloading 1370 Unused Serialized files (Serialized files now loaded: 0)
System memory in use before: 83.8 MB.
System memory in use after: 83.9 MB.

Unloading 7 unused Assets to reduce memory usage. Loaded Objects now: 1867.
Total: 2.708000 ms (FindLiveObjects: 0.240300 ms CreateObjectMapping: 0.053400 ms MarkObjects: 2.306100 ms  DeleteObjects: 0.105900 ms)

========================================================================
Received Import Request.
  Time since last request: 943.389022 seconds.
  path: Assets/Scripts/Characters/Commons/CharacterData.cs
  artifactKey: Guid(900017a2d73f3b04f8191ff1ba2bf93d) Importer(815301076,1909f56bfc062723c751e8b465ee728b)
Start importing Assets/Scripts/Characters/Commons/CharacterData.cs using Guid(900017a2d73f3b04f8191ff1ba2bf93d) Importer(815301076,1909f56bfc062723c751e8b465ee728b)  -> (artifact id: '834f52d52070701397e29631fb1c8eb8') in 0.030882 seconds
  Import took 0.038951 seconds .

========================================================================
Received Import Request.
  Time since last request: 83.886284 seconds.
  path: Assets/Resources/Prefabs/Environments/Center_Hall_Select.prefab
  artifactKey: Guid(12e031061791b114486d52cfd811feb7) Importer(815301076,1909f56bfc062723c751e8b465ee728b)
Start importing Assets/Resources/Prefabs/Environments/Center_Hall_Select.prefab using Guid(12e031061791b114486d52cfd811feb7) Importer(815301076,1909f56bfc062723c751e8b465ee728b)  -> (artifact id: '294ec09ef7ef715bebe594060ed70bbe') in 0.425797 seconds
  Import took 0.437484 seconds .

========================================================================
Received Prepare
Registering precompiled user dll's ...
Registered in 0.004248 seconds.
Begin MonoManager ReloadAssembly
Native extension for WindowsStandalone target not found
Refreshing native plugins compatible for Editor in 0.87 ms, found 0 plugins.
Preloading 0 native plugins for Editor in 0.00 ms.
Invoked RoslynAnalysisRunner static constructor.
RoslynAnalysisRunner will not be running.
RoslynAnalysisRunner has terminated.
Mono: successfully reloaded assembly
- Completed reload, in  1.528 seconds
Platform modules already initialized, skipping
Refreshing native plugins compatible for Editor in 0.74 ms, found 0 plugins.
Preloading 0 native plugins for Editor in 0.00 ms.
Unloading 1370 Unused Serialized files (Serialized files now loaded: 0)
System memory in use before: 88.3 MB.
System memory in use after: 88.3 MB.

Unloading 7 unused Assets to reduce memory usage. Loaded Objects now: 1878.
Total: 2.762300 ms (FindLiveObjects: 0.229900 ms CreateObjectMapping: 0.047300 ms MarkObjects: 2.376100 ms  DeleteObjects: 0.107700 ms)

========================================================================
Received Import Request.
  Time since last request: 70.317227 seconds.
  path: Assets/Resources/Prefabs/Environments/Torture_Room.prefab
  artifactKey: Guid(e2109d46657d2404f918118587d0225d) Importer(815301076,1909f56bfc062723c751e8b465ee728b)
Start importing Assets/Resources/Prefabs/Environments/Torture_Room.prefab using Guid(e2109d46657d2404f918118587d0225d) Importer(815301076,1909f56bfc062723c751e8b465ee728b)  -> (artifact id: 'fdeb491b77fd0978079c370814f4adf5') in 0.610446 seconds
  Import took 0.620042 seconds .

========================================================================
Received Import Request.
  Time since last request: 3.374549 seconds.
  path: Assets/Resources/Prefabs/Environments/Center_Hall_Select 1.prefab
  artifactKey: Guid(3d985bc9b3009124a82d58195bf97098) Importer(815301076,1909f56bfc062723c751e8b465ee728b)
Start importing Assets/Resources/Prefabs/Environments/Center_Hall_Select 1.prefab using Guid(3d985bc9b3009124a82d58195bf97098) Importer(815301076,1909f56bfc062723c751e8b465ee728b)  -> (artifact id: '1ecaabee3fc4114a34b2eef3f922a34c') in 0.237595 seconds
  Import took 0.250172 seconds .

========================================================================
Received Import Request.
  Time since last request: 4.965238 seconds.
  path: Assets/Resources/Prefabs/Environments/Center_Hall.prefab
  artifactKey: Guid(3d985bc9b3009124a82d58195bf97098) Importer(815301076,1909f56bfc062723c751e8b465ee728b)
Start importing Assets/Resources/Prefabs/Environments/Center_Hall.prefab using Guid(3d985bc9b3009124a82d58195bf97098) Importer(815301076,1909f56bfc062723c751e8b465ee728b)  -> (artifact id: '353cfde48311707b5824efed5520e5d8') in 0.231574 seconds
  Import took 0.243861 seconds .

========================================================================
Received Import Request.
  Time since last request: 9.464512 seconds.
  path: Assets/Resources/Prefabs/Environments/SelectHall.prefab
  artifactKey: Guid(12e031061791b114486d52cfd811feb7) Importer(815301076,1909f56bfc062723c751e8b465ee728b)
Start importing Assets/Resources/Prefabs/Environments/SelectHall.prefab using Guid(12e031061791b114486d52cfd811feb7) Importer(815301076,1909f56bfc062723c751e8b465ee728b)  -> (artifact id: '158c418f3b0ad4b829d4026bd746411c') in 0.201503 seconds
  Import took 0.213471 seconds .

========================================================================
Received Prepare
Registering precompiled user dll's ...
Registered in 0.004095 seconds.
Begin MonoManager ReloadAssembly
Native extension for WindowsStandalone target not found
Refreshing native plugins compatible for Editor in 0.93 ms, found 0 plugins.
Preloading 0 native plugins for Editor in 0.00 ms.
Invoked RoslynAnalysisRunner static constructor.
RoslynAnalysisRunner will not be running.
RoslynAnalysisRunner has terminated.
Mono: successfully reloaded assembly
- Completed reload, in  1.614 seconds
Platform modules already initialized, skipping
Refreshing native plugins compatible for Editor in 1.01 ms, found 0 plugins.
Preloading 0 native plugins for Editor in 0.00 ms.
Unloading 1370 Unused Serialized files (Serialized files now loaded: 0)
System memory in use before: 89.0 MB.
System memory in use after: 89.1 MB.

Unloading 7 unused Assets to reduce memory usage. Loaded Objects now: 1882.
Total: 2.370100 ms (FindLiveObjects: 0.282600 ms CreateObjectMapping: 0.072400 ms MarkObjects: 1.916900 ms  DeleteObjects: 0.096300 ms)

========================================================================
Received Import Request.
  Time since last request: 182.953468 seconds.
  path: Assets/Resources/Prefabs/Environments/Center_Hall.prefab
  artifactKey: Guid(3d985bc9b3009124a82d58195bf97098) Importer(815301076,1909f56bfc062723c751e8b465ee728b)
Start importing Assets/Resources/Prefabs/Environments/Center_Hall.prefab using Guid(3d985bc9b3009124a82d58195bf97098) Importer(815301076,1909f56bfc062723c751e8b465ee728b)  -> (artifact id: 'b74882728182dfc4f344db930db8890f') in 0.259624 seconds
  Import took 0.274593 seconds .

========================================================================
Received Import Request.
  Time since last request: 151.870532 seconds.
  path: Assets/Resources/Prefabs/Environments/Torture_Room.prefab
  artifactKey: Guid(e2109d46657d2404f918118587d0225d) Importer(815301076,1909f56bfc062723c751e8b465ee728b)
Start importing Assets/Resources/Prefabs/Environments/Torture_Room.prefab using Guid(e2109d46657d2404f918118587d0225d) Importer(815301076,1909f56bfc062723c751e8b465ee728b)  -> (artifact id: '586fc2b92c610b0aaa559d19e3d1ea1c') in 0.135597 seconds
  Import took 0.143835 seconds .

========================================================================
Received Import Request.
  Time since last request: 51.454633 seconds.
  path: Assets/Scenes/Test_Enviroment.unity
  artifactKey: Guid(4471af755525f5249baa7fce9b1e2b9a) Importer(815301076,1909f56bfc062723c751e8b465ee728b)
Start importing Assets/Scenes/Test_Enviroment.unity using Guid(4471af755525f5249baa7fce9b1e2b9a) Importer(815301076,1909f56bfc062723c751e8b465ee728b)  -> (artifact id: 'f34514eef01503c24b484bf8176ebcb4') in 0.015945 seconds
  Import took 0.020843 seconds .

========================================================================
Received Import Request.
  Time since last request: 14.239543 seconds.
  path: Assets/Scenes/Test_Environment.unity
  artifactKey: Guid(4471af755525f5249baa7fce9b1e2b9a) Importer(815301076,1909f56bfc062723c751e8b465ee728b)
Start importing Assets/Scenes/Test_Environment.unity using Guid(4471af755525f5249baa7fce9b1e2b9a) Importer(815301076,1909f56bfc062723c751e8b465ee728b)  -> (artifact id: 'f8bbdafa28451af094fcab318a9af8f6') in 0.013334 seconds
  Import took 0.017907 seconds .

========================================================================
Received Import Request.
  Time since last request: 64.312896 seconds.
  path: Assets/AssetStore/Dungeon/Scenes/Demo.unity
  artifactKey: Guid(7dd3b3b67a8b56d4e8640fa6891eaf3b) Importer(815301076,1909f56bfc062723c751e8b465ee728b)
Start importing Assets/AssetStore/Dungeon/Scenes/Demo.unity using Guid(7dd3b3b67a8b56d4e8640fa6891eaf3b) Importer(815301076,1909f56bfc062723c751e8b465ee728b)  -> (artifact id: 'db2bcc69ea52a8f22c9abe97d10022dc') in 0.013917 seconds
  Import took 0.020428 seconds .

========================================================================
Received Import Request.
  Time since last request: 35.916276 seconds.
  path: Assets/Resources/Prefabs/Environments/Outside.prefab
  artifactKey: Guid(5c907c9530b35ca43858eaecfda8d810) Importer(815301076,1909f56bfc062723c751e8b465ee728b)
Start importing Assets/Resources/Prefabs/Environments/Outside.prefab using Guid(5c907c9530b35ca43858eaecfda8d810) Importer(815301076,1909f56bfc062723c751e8b465ee728b)  -> (artifact id: 'e7a455b503d0cbbeb88f04f150f01a76') in 0.601762 seconds
  Import took 0.620528 seconds .

========================================================================
Received Import Request.
  Time since last request: 60.092168 seconds.
  path: Assets/Resources/Prefabs/Characters/Enemies/Bat.prefab
  artifactKey: Guid(d745e583bb1807c44880c0db76daec4f) Importer(815301076,1909f56bfc062723c751e8b465ee728b)
Start importing Assets/Resources/Prefabs/Characters/Enemies/Bat.prefab using Guid(d745e583bb1807c44880c0db76daec4f) Importer(815301076,1909f56bfc062723c751e8b465ee728b)  -> (artifact id: 'c580eeed6793ce1479332ff923875d8c') in 0.287933 seconds
  Import took 0.295955 seconds .

========================================================================
Received Import Request.
  Time since last request: 55.701158 seconds.
  path: Assets/AssetStore/Dungeon/Scenes/Demo.unity
  artifactKey: Guid(7dd3b3b67a8b56d4e8640fa6891eaf3b) Importer(815301076,1909f56bfc062723c751e8b465ee728b)
Start importing Assets/AssetStore/Dungeon/Scenes/Demo.unity using Guid(7dd3b3b67a8b56d4e8640fa6891eaf3b) Importer(815301076,1909f56bfc062723c751e8b465ee728b)  -> (artifact id: '3a91f84e86c3f97515b95a025651fc76') in 0.009084 seconds
  Import took 0.014391 seconds .

========================================================================
Received Import Request.
  Time since last request: 17.137623 seconds.
  path: Assets/Resources/Prefabs/Environments/Long_Hall.prefab
  artifactKey: Guid(c0880fd203faa674884812a982af8f5d) Importer(815301076,1909f56bfc062723c751e8b465ee728b)
Start importing Assets/Resources/Prefabs/Environments/Long_Hall.prefab using Guid(c0880fd203faa674884812a982af8f5d) Importer(815301076,1909f56bfc062723c751e8b465ee728b)  -> (artifact id: 'd849968859cfec687426bba810e90f49') in 0.254474 seconds
  Import took 0.269795 seconds .

========================================================================
Received Import Request.
  Time since last request: 35.891943 seconds.
  path: Assets/Scenes/Test_Environment.unity
  artifactKey: Guid(4471af755525f5249baa7fce9b1e2b9a) Importer(815301076,1909f56bfc062723c751e8b465ee728b)
Start importing Assets/Scenes/Test_Environment.unity using Guid(4471af755525f5249baa7fce9b1e2b9a) Importer(815301076,1909f56bfc062723c751e8b465ee728b)  -> (artifact id: 'fef19b7f6c63a628ea12869e2bffde0e') in 0.008414 seconds
  Import took 0.015328 seconds .

========================================================================
Received Import Request.
  Time since last request: 0.004142 seconds.
  path: Assets/Scenes/Test_Environment.unity
  artifactKey: Guid(4471af755525f5249baa7fce9b1e2b9a) Importer(815301076,1909f56bfc062723c751e8b465ee728b)
Start importing Assets/Scenes/Test_Environment.unity using Guid(4471af755525f5249baa7fce9b1e2b9a) Importer(815301076,1909f56bfc062723c751e8b465ee728b)  -> (artifact id: 'fef19b7f6c63a628ea12869e2bffde0e') in 0.006906 seconds
  Import took 0.012384 seconds .

========================================================================
Received Import Request.
  Time since last request: 497.366723 seconds.
  path: Assets/AssetStore/Dungeon/Scenes/Demo.unity
  artifactKey: Guid(7dd3b3b67a8b56d4e8640fa6891eaf3b) Importer(815301076,1909f56bfc062723c751e8b465ee728b)
Start importing Assets/AssetStore/Dungeon/Scenes/Demo.unity using Guid(7dd3b3b67a8b56d4e8640fa6891eaf3b) Importer(815301076,1909f56bfc062723c751e8b465ee728b)  -> (artifact id: '2b671b3c4f25ec42690332080c55b324') in 0.010557 seconds
  Import took 0.019012 seconds .

========================================================================
Received Import Request.
  Time since last request: 30.940422 seconds.
  path: Assets/Resources/Prefabs/Environments/Laboratory.prefab
  artifactKey: Guid(d944ce0a8a0969a4dbfba2ebbf056ec3) Importer(815301076,1909f56bfc062723c751e8b465ee728b)
Start importing Assets/Resources/Prefabs/Environments/Laboratory.prefab using Guid(d944ce0a8a0969a4dbfba2ebbf056ec3) Importer(815301076,1909f56bfc062723c751e8b465ee728b)  -> (artifact id: 'fbff3ad2f49630f73868c01cc6e95d45') in 0.118111 seconds
  Import took 0.127660 seconds .

========================================================================
Received Import Request.
  Time since last request: 8.485768 seconds.
  path: Assets/Resources/Prefabs/Environments/Cellar.prefab
  artifactKey: Guid(79f990078be37be44b245d700faf9f83) Importer(815301076,1909f56bfc062723c751e8b465ee728b)
Start importing Assets/Resources/Prefabs/Environments/Cellar.prefab using Guid(79f990078be37be44b245d700faf9f83) Importer(815301076,1909f56bfc062723c751e8b465ee728b)  -> (artifact id: '314c24d077147fe7e1217ead8beebc6e') in 0.098876 seconds
  Import took 0.107032 seconds .

========================================================================
Received Import Request.
  Time since last request: 8.142395 seconds.
  path: Assets/Resources/Prefabs/Environments/Furnace.prefab
  artifactKey: Guid(0675cb5bd4efcab428749afd9f150445) Importer(815301076,1909f56bfc062723c751e8b465ee728b)
Start importing Assets/Resources/Prefabs/Environments/Furnace.prefab using Guid(0675cb5bd4efcab428749afd9f150445) Importer(815301076,1909f56bfc062723c751e8b465ee728b)  -> (artifact id: 'bad7afac9dbb81cfe331e84901866797') in 0.076696 seconds
  Import took 0.083069 seconds .

========================================================================
Received Import Request.
  Time since last request: 10.015192 seconds.
  path: Assets/Resources/Prefabs/Environments/Goblin_Cave.prefab
  artifactKey: Guid(3e4c9176153b5a3419ed866663a30fb6) Importer(815301076,1909f56bfc062723c751e8b465ee728b)
Start importing Assets/Resources/Prefabs/Environments/Goblin_Cave.prefab using Guid(3e4c9176153b5a3419ed866663a30fb6) Importer(815301076,1909f56bfc062723c751e8b465ee728b)  -> (artifact id: '6bcb4b64308951672791facc6c688c91') in 0.201750 seconds
  Import took 0.213375 seconds .

========================================================================
Received Import Request.
  Time since last request: 13.284035 seconds.
  path: Assets/Resources/Prefabs/Environments/Entrance.prefab
  artifactKey: Guid(188ad980ee77b7f4994316032d5ee979) Importer(815301076,1909f56bfc062723c751e8b465ee728b)
Start importing Assets/Resources/Prefabs/Environments/Entrance.prefab using Guid(188ad980ee77b7f4994316032d5ee979) Importer(815301076,1909f56bfc062723c751e8b465ee728b)  -> (artifact id: '8206cc02612e98d65872f653f2d3be13') in 0.107001 seconds
  Import took 0.115781 seconds .

========================================================================
Received Import Request.
  Time since last request: 10.730049 seconds.
  path: Assets/Resources/Prefabs/Environments/Barracks.prefab
  artifactKey: Guid(81e77c9a0b983de4c9e9170fc313c9be) Importer(815301076,1909f56bfc062723c751e8b465ee728b)
Start importing Assets/Resources/Prefabs/Environments/Barracks.prefab using Guid(81e77c9a0b983de4c9e9170fc313c9be) Importer(815301076,1909f56bfc062723c751e8b465ee728b)  -> (artifact id: 'bf0f807ac00c144eaae3ce0cb09f5ac1') in 0.109930 seconds
  Import took 0.118989 seconds .

========================================================================
Received Import Request.
  Time since last request: 10.736302 seconds.
  path: Assets/Resources/Prefabs/Environments/Cells.prefab
  artifactKey: Guid(6028afaae0e3a3f449aea3bd647879e8) Importer(815301076,1909f56bfc062723c751e8b465ee728b)
Start importing Assets/Resources/Prefabs/Environments/Cells.prefab using Guid(6028afaae0e3a3f449aea3bd647879e8) Importer(815301076,1909f56bfc062723c751e8b465ee728b)  -> (artifact id: '1814b9e02f68888d079731158aa560f7') in 0.140429 seconds
  Import took 0.149110 seconds .

========================================================================
Received Import Request.
  Time since last request: 9.977571 seconds.
  path: Assets/Resources/Prefabs/Environments/Sewer.prefab
  artifactKey: Guid(c610e10e51ceb25468c2182677672cab) Importer(815301076,1909f56bfc062723c751e8b465ee728b)
Start importing Assets/Resources/Prefabs/Environments/Sewer.prefab using Guid(c610e10e51ceb25468c2182677672cab) Importer(815301076,1909f56bfc062723c751e8b465ee728b)  -> (artifact id: '4d186a46465e969168217f8469a2d576') in 0.078109 seconds
  Import took 0.085323 seconds .

========================================================================
Received Prepare
Registering precompiled user dll's ...
Registered in 0.003862 seconds.
Begin MonoManager ReloadAssembly
Native extension for WindowsStandalone target not found
Refreshing native plugins compatible for Editor in 0.86 ms, found 0 plugins.
Preloading 0 native plugins for Editor in 0.00 ms.
Invoked RoslynAnalysisRunner static constructor.
RoslynAnalysisRunner will not be running.
RoslynAnalysisRunner has terminated.
Mono: successfully reloaded assembly
- Completed reload, in  1.562 seconds
Platform modules already initialized, skipping
Refreshing native plugins compatible for Editor in 0.84 ms, found 0 plugins.
Preloading 0 native plugins for Editor in 0.00 ms.
Unloading 1370 Unused Serialized files (Serialized files now loaded: 0)
System memory in use before: 106.5 MB.
System memory in use after: 106.6 MB.

Unloading 7 unused Assets to reduce memory usage. Loaded Objects now: 1887.
Total: 3.674900 ms (FindLiveObjects: 0.403400 ms CreateObjectMapping: 0.059600 ms MarkObjects: 3.090600 ms  DeleteObjects: 0.118900 ms)

========================================================================
Received Import Request.
  Time since last request: 181.991295 seconds.
  path: Assets/Scenes/Test_Environment.unity
  artifactKey: Guid(4471af755525f5249baa7fce9b1e2b9a) Importer(815301076,1909f56bfc062723c751e8b465ee728b)
Start importing Assets/Scenes/Test_Environment.unity using Guid(4471af755525f5249baa7fce9b1e2b9a) Importer(815301076,1909f56bfc062723c751e8b465ee728b)  -> (artifact id: 'd1655528742dc0e45811e4785478bfaa') in 0.024795 seconds
  Import took 0.030255 seconds .

========================================================================
Received Import Request.
  Time since last request: 11.863399 seconds.
  path: Assets/Resources/Prefabs/Environments/SelectHall.prefab
  artifactKey: Guid(12e031061791b114486d52cfd811feb7) Importer(815301076,1909f56bfc062723c751e8b465ee728b)
Start importing Assets/Resources/Prefabs/Environments/SelectHall.prefab using Guid(12e031061791b114486d52cfd811feb7) Importer(815301076,1909f56bfc062723c751e8b465ee728b)  -> (artifact id: '69dd6e246678a8fe9d03ec3c9b10c86f') in 0.389205 seconds
  Import took 0.402048 seconds .

========================================================================
Received Import Request.
  Time since last request: 3.531801 seconds.
  path: Assets/Resources/Prefabs/Environments/SelectHall.prefab
  artifactKey: Guid(12e031061791b114486d52cfd811feb7) Importer(815301076,1909f56bfc062723c751e8b465ee728b)
Start importing Assets/Resources/Prefabs/Environments/SelectHall.prefab using Guid(12e031061791b114486d52cfd811feb7) Importer(815301076,1909f56bfc062723c751e8b465ee728b)  -> (artifact id: 'ec7dedb17616d62664cfeaff0cb023ec') in 0.231839 seconds
  Import took 0.247256 seconds .

========================================================================
Received Import Request.
  Time since last request: 3.695361 seconds.
  path: Assets/Resources/Prefabs/Environments/SelectHall.prefab
  artifactKey: Guid(12e031061791b114486d52cfd811feb7) Importer(815301076,1909f56bfc062723c751e8b465ee728b)
Start importing Assets/Resources/Prefabs/Environments/SelectHall.prefab using Guid(12e031061791b114486d52cfd811feb7) Importer(815301076,1909f56bfc062723c751e8b465ee728b)  -> (artifact id: '5019e69cb2501feb685044d7e2627160') in 0.277990 seconds
  Import took 0.293323 seconds .

========================================================================
Received Import Request.
  Time since last request: 12.729512 seconds.
  path: Assets/Resources/Prefabs/Environments/Barracks.prefab
  artifactKey: Guid(81e77c9a0b983de4c9e9170fc313c9be) Importer(815301076,1909f56bfc062723c751e8b465ee728b)
Start importing Assets/Resources/Prefabs/Environments/Barracks.prefab using Guid(81e77c9a0b983de4c9e9170fc313c9be) Importer(815301076,1909f56bfc062723c751e8b465ee728b)  -> (artifact id: '96a65ffefb1fdf53e25361980ce2f6fd') in 0.097587 seconds
  Import took 0.107540 seconds .

========================================================================
Received Import Request.
  Time since last request: 278.645740 seconds.
  path: Assets/AssetStore/Dungeon/Scenes/Demo.unity
  artifactKey: Guid(7dd3b3b67a8b56d4e8640fa6891eaf3b) Importer(815301076,1909f56bfc062723c751e8b465ee728b)
Start importing Assets/AssetStore/Dungeon/Scenes/Demo.unity using Guid(7dd3b3b67a8b56d4e8640fa6891eaf3b) Importer(815301076,1909f56bfc062723c751e8b465ee728b)  -> (artifact id: 'e66b6a41545ca18e8a709ffb2203096b') in 0.009325 seconds
  Import took 0.014721 seconds .

========================================================================
Received Prepare
Registering precompiled user dll's ...
Registered in 0.005299 seconds.
Begin MonoManager ReloadAssembly
Native extension for WindowsStandalone target not found
Refreshing native plugins compatible for Editor in 0.76 ms, found 0 plugins.
Preloading 0 native plugins for Editor in 0.00 ms.
Invoked RoslynAnalysisRunner static constructor.
RoslynAnalysisRunner will not be running.
RoslynAnalysisRunner has terminated.
Mono: successfully reloaded assembly
- Completed reload, in  1.578 seconds
Platform modules already initialized, skipping
Refreshing native plugins compatible for Editor in 0.95 ms, found 0 plugins.
Preloading 0 native plugins for Editor in 0.00 ms.
Unloading 1370 Unused Serialized files (Serialized files now loaded: 0)
System memory in use before: 106.6 MB.
System memory in use after: 106.6 MB.

Unloading 7 unused Assets to reduce memory usage. Loaded Objects now: 1891.
Total: 3.165100 ms (FindLiveObjects: 0.207200 ms CreateObjectMapping: 0.036400 ms MarkObjects: 2.786200 ms  DeleteObjects: 0.133300 ms)

========================================================================
Received Import Request.
  Time since last request: 152.794319 seconds.
  path: Assets/Resources/Prefabs/Environments/Long_Hall.prefab
  artifactKey: Guid(c0880fd203faa674884812a982af8f5d) Importer(815301076,1909f56bfc062723c751e8b465ee728b)
Start importing Assets/Resources/Prefabs/Environments/Long_Hall.prefab using Guid(c0880fd203faa674884812a982af8f5d) Importer(815301076,1909f56bfc062723c751e8b465ee728b)  -> (artifact id: '4fe7288735c1f091d34b7d68aff7a4a6') in 0.335081 seconds
  Import took 0.352976 seconds .

========================================================================
Received Import Request.
  Time since last request: 11.593538 seconds.
  path: Assets/Resources/Prefabs/Environments/Crystal_Caves.prefab
  artifactKey: Guid(4db880ec4e8437e4a844c18250c32136) Importer(815301076,1909f56bfc062723c751e8b465ee728b)
Start importing Assets/Resources/Prefabs/Environments/Crystal_Caves.prefab using Guid(4db880ec4e8437e4a844c18250c32136) Importer(815301076,1909f56bfc062723c751e8b465ee728b)  -> (artifact id: '776694f4ad5bd8a10d75e7e0bd6ae32c') in 0.254642 seconds
  Import took 0.267468 seconds .

========================================================================
Received Import Request.
  Time since last request: 41.728761 seconds.
  path: Assets/Scenes/Test_Environment.unity
  artifactKey: Guid(4471af755525f5249baa7fce9b1e2b9a) Importer(815301076,1909f56bfc062723c751e8b465ee728b)
Start importing Assets/Scenes/Test_Environment.unity using Guid(4471af755525f5249baa7fce9b1e2b9a) Importer(815301076,1909f56bfc062723c751e8b465ee728b)  -> (artifact id: 'ad3058118d7d50429b1e2c20ac94c3a3') in 0.009332 seconds
  Import took 0.015799 seconds .

========================================================================
Received Import Request.
  Time since last request: 24.086242 seconds.
  path: Assets/Resources/Prefabs/Environments/SelectHall.prefab
  artifactKey: Guid(12e031061791b114486d52cfd811feb7) Importer(815301076,1909f56bfc062723c751e8b465ee728b)
Start importing Assets/Resources/Prefabs/Environments/SelectHall.prefab using Guid(12e031061791b114486d52cfd811feb7) Importer(815301076,1909f56bfc062723c751e8b465ee728b)  -> (artifact id: 'bd5b3cf6bb6089426592a356a155395b') in 0.222099 seconds
  Import took 0.235505 seconds .

========================================================================
Received Import Request.
  Time since last request: 1.166324 seconds.
  path: Assets/Resources/Prefabs/Environments/SelectHall.prefab
  artifactKey: Guid(12e031061791b114486d52cfd811feb7) Importer(815301076,1909f56bfc062723c751e8b465ee728b)
Start importing Assets/Resources/Prefabs/Environments/SelectHall.prefab using Guid(12e031061791b114486d52cfd811feb7) Importer(815301076,1909f56bfc062723c751e8b465ee728b)  -> (artifact id: 'fee55d4f9749a40764644169b0820c67') in 0.203874 seconds
  Import took 0.216063 seconds .

========================================================================
Received Import Request.
  Time since last request: 0.775334 seconds.
  path: Assets/Resources/Prefabs/Environments/SelectHall.prefab
  artifactKey: Guid(12e031061791b114486d52cfd811feb7) Importer(815301076,1909f56bfc062723c751e8b465ee728b)
Start importing Assets/Resources/Prefabs/Environments/SelectHall.prefab using Guid(12e031061791b114486d52cfd811feb7) Importer(815301076,1909f56bfc062723c751e8b465ee728b)  -> (artifact id: 'daa89cec29a555648d54b42e56b74c0c') in 0.187037 seconds
  Import took 0.199966 seconds .

========================================================================
Received Import Request.
  Time since last request: 7.101642 seconds.
  path: Assets/Resources/Prefabs/Environments/Outside.prefab
  artifactKey: Guid(5c907c9530b35ca43858eaecfda8d810) Importer(815301076,1909f56bfc062723c751e8b465ee728b)
Start importing Assets/Resources/Prefabs/Environments/Outside.prefab using Guid(5c907c9530b35ca43858eaecfda8d810) Importer(815301076,1909f56bfc062723c751e8b465ee728b)  -> (artifact id: '8bc751802976aeaedf2fd696ffd66f82') in 0.363607 seconds
  Import took 0.380980 seconds .

========================================================================
Received Import Request.
  Time since last request: 39.261955 seconds.
  path: Assets/Resources/Prefabs/Environments/Furnace.prefab
  artifactKey: Guid(0675cb5bd4efcab428749afd9f150445) Importer(815301076,1909f56bfc062723c751e8b465ee728b)
Start importing Assets/Resources/Prefabs/Environments/Furnace.prefab using Guid(0675cb5bd4efcab428749afd9f150445) Importer(815301076,1909f56bfc062723c751e8b465ee728b)  -> (artifact id: 'fde5b48b092087ecddadc9af590c633e') in 0.071255 seconds
  Import took 0.078526 seconds .

========================================================================
Received Import Request.
  Time since last request: 0.277878 seconds.
  path: Assets/Resources/Prefabs/Environments/Goblin_Cave.prefab
  artifactKey: Guid(3e4c9176153b5a3419ed866663a30fb6) Importer(815301076,1909f56bfc062723c751e8b465ee728b)
Start importing Assets/Resources/Prefabs/Environments/Goblin_Cave.prefab using Guid(3e4c9176153b5a3419ed866663a30fb6) Importer(815301076,1909f56bfc062723c751e8b465ee728b)  -> (artifact id: '17aaa0e78d9d8eceaf88f03b8ad8fde5') in 0.184297 seconds
  Import took 0.197103 seconds .

========================================================================
Received Import Request.
  Time since last request: 2.119340 seconds.
  path: Assets/Resources/Prefabs/Environments/Center_Hall.prefab
  artifactKey: Guid(3d985bc9b3009124a82d58195bf97098) Importer(815301076,1909f56bfc062723c751e8b465ee728b)
Start importing Assets/Resources/Prefabs/Environments/Center_Hall.prefab using Guid(3d985bc9b3009124a82d58195bf97098) Importer(815301076,1909f56bfc062723c751e8b465ee728b)  -> (artifact id: 'ccf30b03f9490fff3917d7163400d68f') in 0.194906 seconds
  Import took 0.209468 seconds .

========================================================================
Received Prepare
Registering precompiled user dll's ...
Registered in 0.006811 seconds.
Begin MonoManager ReloadAssembly
Native extension for WindowsStandalone target not found
Refreshing native plugins compatible for Editor in 1.02 ms, found 0 plugins.
Preloading 0 native plugins for Editor in 0.00 ms.
Invoked RoslynAnalysisRunner static constructor.
RoslynAnalysisRunner will not be running.
RoslynAnalysisRunner has terminated.
Mono: successfully reloaded assembly
- Completed reload, in  1.568 seconds
Platform modules already initialized, skipping
Refreshing native plugins compatible for Editor in 1.09 ms, found 0 plugins.
Preloading 0 native plugins for Editor in 0.00 ms.
Unloading 1370 Unused Serialized files (Serialized files now loaded: 0)
System memory in use before: 107.8 MB.
System memory in use after: 107.8 MB.

Unloading 7 unused Assets to reduce memory usage. Loaded Objects now: 1895.
Total: 3.105900 ms (FindLiveObjects: 0.378500 ms CreateObjectMapping: 0.093400 ms MarkObjects: 2.525500 ms  DeleteObjects: 0.106600 ms)

========================================================================
Received Import Request.
  Time since last request: 157.663877 seconds.
  path: Assets/Resources/Prefabs/Environments/Cells.prefab
  artifactKey: Guid(6028afaae0e3a3f449aea3bd647879e8) Importer(815301076,1909f56bfc062723c751e8b465ee728b)
Start importing Assets/Resources/Prefabs/Environments/Cells.prefab using Guid(6028afaae0e3a3f449aea3bd647879e8) Importer(815301076,1909f56bfc062723c751e8b465ee728b)  -> (artifact id: '208ea27774614483f38a104026b7a4b9') in 0.198784 seconds
  Import took 0.208636 seconds .

========================================================================
Received Import Request.
  Time since last request: 0.200166 seconds.
  path: Assets/Resources/Prefabs/Environments/Cellar.prefab
  artifactKey: Guid(79f990078be37be44b245d700faf9f83) Importer(815301076,1909f56bfc062723c751e8b465ee728b)
Start importing Assets/Resources/Prefabs/Environments/Cellar.prefab using Guid(79f990078be37be44b245d700faf9f83) Importer(815301076,1909f56bfc062723c751e8b465ee728b)  -> (artifact id: 'a0752f26d376e9a694d75245f720e9d2') in 0.098507 seconds
  Import took 0.106498 seconds .

========================================================================
Received Import Request.
  Time since last request: 0.282189 seconds.
  path: Assets/Resources/Prefabs/Environments/Crystal_Caves.prefab
  artifactKey: Guid(4db880ec4e8437e4a844c18250c32136) Importer(815301076,1909f56bfc062723c751e8b465ee728b)
Start importing Assets/Resources/Prefabs/Environments/Crystal_Caves.prefab using Guid(4db880ec4e8437e4a844c18250c32136) Importer(815301076,1909f56bfc062723c751e8b465ee728b)  -> (artifact id: '476d0c15272c482458d5892bf9f68a57') in 0.202501 seconds
  Import took 0.216602 seconds .

========================================================================
Received Import Request.
  Time since last request: 0.113089 seconds.
  path: Assets/Resources/Prefabs/Environments/Center_Hall.prefab
  artifactKey: Guid(3d985bc9b3009124a82d58195bf97098) Importer(815301076,1909f56bfc062723c751e8b465ee728b)
Start importing Assets/Resources/Prefabs/Environments/Center_Hall.prefab using Guid(3d985bc9b3009124a82d58195bf97098) Importer(815301076,1909f56bfc062723c751e8b465ee728b)  -> (artifact id: '0ad198fece0b5606e944445ffba03025') in 0.206265 seconds
  Import took 0.220075 seconds .

========================================================================
Received Prepare
Registering precompiled user dll's ...
Registered in 0.005339 seconds.
Begin MonoManager ReloadAssembly
Native extension for WindowsStandalone target not found
Refreshing native plugins compatible for Editor in 0.84 ms, found 0 plugins.
Preloading 0 native plugins for Editor in 0.00 ms.
Invoked RoslynAnalysisRunner static constructor.
RoslynAnalysisRunner will not be running.
RoslynAnalysisRunner has terminated.
Mono: successfully reloaded assembly
- Completed reload, in  1.582 seconds
Platform modules already initialized, skipping
Refreshing native plugins compatible for Editor in 0.77 ms, found 0 plugins.
Preloading 0 native plugins for Editor in 0.00 ms.
Unloading 1370 Unused Serialized files (Serialized files now loaded: 0)
System memory in use before: 107.8 MB.
System memory in use after: 107.8 MB.

Unloading 7 unused Assets to reduce memory usage. Loaded Objects now: 1899.
Total: 2.328100 ms (FindLiveObjects: 0.207500 ms CreateObjectMapping: 0.036200 ms MarkObjects: 1.978200 ms  DeleteObjects: 0.104600 ms)

========================================================================
Received Import Request.
  Time since last request: 32.798159 seconds.
  path: Assets/Scenes/Test_Enemy.unity
  artifactKey: Guid(29c96654f1a270541b342024b37d7f02) Importer(815301076,1909f56bfc062723c751e8b465ee728b)
Start importing Assets/Scenes/Test_Enemy.unity using Guid(29c96654f1a270541b342024b37d7f02) Importer(815301076,1909f56bfc062723c751e8b465ee728b)  -> (artifact id: 'cc5dc39d20d3da97d68445189a11e0d8') in 0.029504 seconds
  Import took 0.035089 seconds .

========================================================================
Received Prepare
Registering precompiled user dll's ...
Registered in 0.004660 seconds.
Begin MonoManager ReloadAssembly
Native extension for WindowsStandalone target not found
Refreshing native plugins compatible for Editor in 0.91 ms, found 0 plugins.
Preloading 0 native plugins for Editor in 0.00 ms.
Invoked RoslynAnalysisRunner static constructor.
RoslynAnalysisRunner will not be running.
RoslynAnalysisRunner has terminated.
Mono: successfully reloaded assembly
- Completed reload, in  1.587 seconds
Platform modules already initialized, skipping
Refreshing native plugins compatible for Editor in 0.95 ms, found 0 plugins.
Preloading 0 native plugins for Editor in 0.00 ms.
Unloading 1370 Unused Serialized files (Serialized files now loaded: 0)
System memory in use before: 107.8 MB.
System memory in use after: 107.9 MB.

Unloading 7 unused Assets to reduce memory usage. Loaded Objects now: 1902.
Total: 2.702000 ms (FindLiveObjects: 0.234800 ms CreateObjectMapping: 0.044200 ms MarkObjects: 2.310400 ms  DeleteObjects: 0.110800 ms)

========================================================================
Received Prepare
Registering precompiled user dll's ...
Registered in 0.004862 seconds.
Begin MonoManager ReloadAssembly
Native extension for WindowsStandalone target not found
Refreshing native plugins compatible for Editor in 0.82 ms, found 0 plugins.
Preloading 0 native plugins for Editor in 0.00 ms.
Invoked RoslynAnalysisRunner static constructor.
RoslynAnalysisRunner will not be running.
RoslynAnalysisRunner has terminated.
Mono: successfully reloaded assembly
- Completed reload, in  1.705 seconds
Platform modules already initialized, skipping
Refreshing native plugins compatible for Editor in 0.91 ms, found 0 plugins.
Preloading 0 native plugins for Editor in 0.00 ms.
Unloading 1370 Unused Serialized files (Serialized files now loaded: 0)
System memory in use before: 107.8 MB.
System memory in use after: 107.9 MB.

Unloading 7 unused Assets to reduce memory usage. Loaded Objects now: 1905.
Total: 2.611800 ms (FindLiveObjects: 0.288500 ms CreateObjectMapping: 0.135400 ms MarkObjects: 2.085200 ms  DeleteObjects: 0.100700 ms)

========================================================================
Received Prepare
Registering precompiled user dll's ...
Registered in 0.005560 seconds.
Begin MonoManager ReloadAssembly
Native extension for WindowsStandalone target not found
Refreshing native plugins compatible for Editor in 0.91 ms, found 0 plugins.
Preloading 0 native plugins for Editor in 0.00 ms.
Invoked RoslynAnalysisRunner static constructor.
RoslynAnalysisRunner will not be running.
RoslynAnalysisRunner has terminated.
Mono: successfully reloaded assembly
- Completed reload, in  1.739 seconds
Platform modules already initialized, skipping
Refreshing native plugins compatible for Editor in 0.84 ms, found 0 plugins.
Preloading 0 native plugins for Editor in 0.00 ms.
Unloading 1370 Unused Serialized files (Serialized files now loaded: 0)
System memory in use before: 107.8 MB.
System memory in use after: 107.9 MB.

Unloading 7 unused Assets to reduce memory usage. Loaded Objects now: 1908.
Total: 3.558700 ms (FindLiveObjects: 0.308200 ms CreateObjectMapping: 0.070200 ms MarkObjects: 3.054200 ms  DeleteObjects: 0.124200 ms)

========================================================================
Received Prepare
Registering precompiled user dll's ...
Registered in 0.004941 seconds.
Begin MonoManager ReloadAssembly
Native extension for WindowsStandalone target not found
Refreshing native plugins compatible for Editor in 1.42 ms, found 0 plugins.
Preloading 0 native plugins for Editor in 0.00 ms.
Invoked RoslynAnalysisRunner static constructor.
RoslynAnalysisRunner will not be running.
RoslynAnalysisRunner has terminated.
Mono: successfully reloaded assembly
- Completed reload, in  1.616 seconds
Platform modules already initialized, skipping
Refreshing native plugins compatible for Editor in 0.86 ms, found 0 plugins.
Preloading 0 native plugins for Editor in 0.00 ms.
Unloading 1370 Unused Serialized files (Serialized files now loaded: 0)
System memory in use before: 107.8 MB.
System memory in use after: 107.9 MB.

Unloading 7 unused Assets to reduce memory usage. Loaded Objects now: 1911.
Total: 2.513200 ms (FindLiveObjects: 0.281200 ms CreateObjectMapping: 0.051000 ms MarkObjects: 2.076200 ms  DeleteObjects: 0.103200 ms)

========================================================================
Received Import Request.
  Time since last request: 245.318368 seconds.
  path: Assets/AssetStore/Dungeon/Scenes/Demo.unity
  artifactKey: Guid(7dd3b3b67a8b56d4e8640fa6891eaf3b) Importer(815301076,1909f56bfc062723c751e8b465ee728b)
Start importing Assets/AssetStore/Dungeon/Scenes/Demo.unity using Guid(7dd3b3b67a8b56d4e8640fa6891eaf3b) Importer(815301076,1909f56bfc062723c751e8b465ee728b)  -> (artifact id: 'd34a923a35c4cf36d09237ddfb18388c') in 0.024834 seconds
  Import took 0.030317 seconds .

========================================================================
Received Prepare
Registering precompiled user dll's ...
Registered in 0.004489 seconds.
Begin MonoManager ReloadAssembly
Native extension for WindowsStandalone target not found
Refreshing native plugins compatible for Editor in 0.94 ms, found 0 plugins.
Preloading 0 native plugins for Editor in 0.00 ms.
Invoked RoslynAnalysisRunner static constructor.
RoslynAnalysisRunner will not be running.
RoslynAnalysisRunner has terminated.
Mono: successfully reloaded assembly
- Completed reload, in  1.395 seconds
Platform modules already initialized, skipping
Refreshing native plugins compatible for Editor in 0.78 ms, found 0 plugins.
Preloading 0 native plugins for Editor in 0.00 ms.
Unloading 1370 Unused Serialized files (Serialized files now loaded: 0)
System memory in use before: 107.8 MB.
System memory in use after: 107.9 MB.

Unloading 7 unused Assets to reduce memory usage. Loaded Objects now: 1914.
Total: 2.865400 ms (FindLiveObjects: 0.256300 ms CreateObjectMapping: 0.057100 ms MarkObjects: 2.439100 ms  DeleteObjects: 0.110800 ms)

========================================================================
Received Import Request.
  Time since last request: 157.959758 seconds.
  path: Assets/Resources/Prefabs/Environments/Crystal_Caves.prefab
  artifactKey: Guid(4db880ec4e8437e4a844c18250c32136) Importer(815301076,1909f56bfc062723c751e8b465ee728b)
Start importing Assets/Resources/Prefabs/Environments/Crystal_Caves.prefab using Guid(4db880ec4e8437e4a844c18250c32136) Importer(815301076,1909f56bfc062723c751e8b465ee728b)  -> (artifact id: 'b447f9e17f68181655d805fed70f1bda') in 0.351700 seconds
  Import took 0.365522 seconds .

========================================================================
Received Import Request.
  Time since last request: 683.872741 seconds.
  path: Assets/Resources/Prefabs/Environments/Center_Hall.prefab
  artifactKey: Guid(3d985bc9b3009124a82d58195bf97098) Importer(815301076,1909f56bfc062723c751e8b465ee728b)
Start importing Assets/Resources/Prefabs/Environments/Center_Hall.prefab using Guid(3d985bc9b3009124a82d58195bf97098) Importer(815301076,1909f56bfc062723c751e8b465ee728b)  -> (artifact id: '78545d3c8d98591696ce0e6de4029729') in 0.264476 seconds
  Import took 0.279353 seconds .

========================================================================
Received Import Request.
  Time since last request: 10.554819 seconds.
  path: Assets/Scenes/Test_Environment.unity
  artifactKey: Guid(4471af755525f5249baa7fce9b1e2b9a) Importer(815301076,1909f56bfc062723c751e8b465ee728b)
Start importing Assets/Scenes/Test_Environment.unity using Guid(4471af755525f5249baa7fce9b1e2b9a) Importer(815301076,1909f56bfc062723c751e8b465ee728b)  -> (artifact id: '11af6bfad0ed7d23c87a9b0b23ee59c0') in 0.010761 seconds
  Import took 0.015817 seconds .

========================================================================
Received Import Request.
  Time since last request: 97.862792 seconds.
  path: Assets/Resources/Prefabs/Environments/Torture_Room.prefab
  artifactKey: Guid(e2109d46657d2404f918118587d0225d) Importer(815301076,1909f56bfc062723c751e8b465ee728b)
Start importing Assets/Resources/Prefabs/Environments/Torture_Room.prefab using Guid(e2109d46657d2404f918118587d0225d) Importer(815301076,1909f56bfc062723c751e8b465ee728b)  -> (artifact id: '448457e987eb7c52fa26131ffe5d7ff3') in 0.136129 seconds
  Import took 0.146661 seconds .

========================================================================
Received Import Request.
  Time since last request: 49.854393 seconds.
  path: Assets/AssetStore/Dungeon/Scenes/Demo 1.unity
  artifactKey: Guid(49b30b54869f211408ce2f7a5a9f5210) Importer(815301076,1909f56bfc062723c751e8b465ee728b)
Start importing Assets/AssetStore/Dungeon/Scenes/Demo 1.unity using Guid(49b30b54869f211408ce2f7a5a9f5210) Importer(815301076,1909f56bfc062723c751e8b465ee728b)  -> (artifact id: '1c426cec5a5bc7bad21232a281bb1999') in 0.015554 seconds
  Import took 0.020999 seconds .

========================================================================
Received Import Request.
  Time since last request: 1847.268718 seconds.
  path: Assets/Resources/Prefabs/Environments/Barracks.prefab
  artifactKey: Guid(81e77c9a0b983de4c9e9170fc313c9be) Importer(815301076,1909f56bfc062723c751e8b465ee728b)
Start importing Assets/Resources/Prefabs/Environments/Barracks.prefab using Guid(81e77c9a0b983de4c9e9170fc313c9be) Importer(815301076,1909f56bfc062723c751e8b465ee728b)  -> (artifact id: '8cbd420bc0a48db341ea4e2700996372') in 0.108674 seconds
  Import took 0.117404 seconds .

========================================================================
Received Import Request.
  Time since last request: 757.224776 seconds.
  path: Assets/Resources/Prefabs/Environments/Crystal_Caves.prefab
  artifactKey: Guid(4db880ec4e8437e4a844c18250c32136) Importer(815301076,1909f56bfc062723c751e8b465ee728b)
Start importing Assets/Resources/Prefabs/Environments/Crystal_Caves.prefab using Guid(4db880ec4e8437e4a844c18250c32136) Importer(815301076,1909f56bfc062723c751e8b465ee728b)  -> (artifact id: 'fc8d3e0ce4fdd1fc1365dfb4dc878052') in 0.512199 seconds
  Import took 0.526549 seconds .

========================================================================
Received Import Request.
  Time since last request: 2.724895 seconds.
  path: Assets/Resources/Prefabs/Environments/Torture_Room.prefab
  artifactKey: Guid(e2109d46657d2404f918118587d0225d) Importer(815301076,1909f56bfc062723c751e8b465ee728b)
Start importing Assets/Resources/Prefabs/Environments/Torture_Room.prefab using Guid(e2109d46657d2404f918118587d0225d) Importer(815301076,1909f56bfc062723c751e8b465ee728b)  -> (artifact id: 'fd533d946c65cbdbc72c9daab7eb678b') in 0.198582 seconds
  Import took 0.206954 seconds .

========================================================================
Received Import Request.
  Time since last request: 2.452298 seconds.
  path: Assets/Resources/Prefabs/Environments/Entrance.prefab
  artifactKey: Guid(188ad980ee77b7f4994316032d5ee979) Importer(815301076,1909f56bfc062723c751e8b465ee728b)
Start importing Assets/Resources/Prefabs/Environments/Entrance.prefab using Guid(188ad980ee77b7f4994316032d5ee979) Importer(815301076,1909f56bfc062723c751e8b465ee728b)  -> (artifact id: '17aa60153d7c363aa3de1955306a11ed') in 0.111074 seconds
  Import took 0.119864 seconds .

========================================================================
Received Import Request.
  Time since last request: 2.724952 seconds.
  path: Assets/Resources/Prefabs/Environments/Goblin_Cave.prefab
  artifactKey: Guid(3e4c9176153b5a3419ed866663a30fb6) Importer(815301076,1909f56bfc062723c751e8b465ee728b)
Start importing Assets/Resources/Prefabs/Environments/Goblin_Cave.prefab using Guid(3e4c9176153b5a3419ed866663a30fb6) Importer(815301076,1909f56bfc062723c751e8b465ee728b)  -> (artifact id: '757002fc55814de58fe4f03183849149') in 0.318038 seconds
  Import took 0.331779 seconds .

========================================================================
Received Import Request.
  Time since last request: 1.737008 seconds.
  path: Assets/Resources/Prefabs/Environments/Laboratory.prefab
  artifactKey: Guid(d944ce0a8a0969a4dbfba2ebbf056ec3) Importer(815301076,1909f56bfc062723c751e8b465ee728b)
Start importing Assets/Resources/Prefabs/Environments/Laboratory.prefab using Guid(d944ce0a8a0969a4dbfba2ebbf056ec3) Importer(815301076,1909f56bfc062723c751e8b465ee728b)  -> (artifact id: '3948caa92f4668dc75fded71a3c98bda') in 0.127614 seconds
  Import took 0.136737 seconds .

========================================================================
Received Import Request.
  Time since last request: 2.356882 seconds.
  path: Assets/Resources/Prefabs/Environments/Cellar.prefab
  artifactKey: Guid(79f990078be37be44b245d700faf9f83) Importer(815301076,1909f56bfc062723c751e8b465ee728b)
Start importing Assets/Resources/Prefabs/Environments/Cellar.prefab using Guid(79f990078be37be44b245d700faf9f83) Importer(815301076,1909f56bfc062723c751e8b465ee728b)  -> (artifact id: 'a74bcc057927e108a98ac06d65825830') in 0.105279 seconds
  Import took 0.112449 seconds .

========================================================================
Received Import Request.
  Time since last request: 2.820708 seconds.
  path: Assets/Resources/Prefabs/Environments/Furnace.prefab
  artifactKey: Guid(0675cb5bd4efcab428749afd9f150445) Importer(815301076,1909f56bfc062723c751e8b465ee728b)
Start importing Assets/Resources/Prefabs/Environments/Furnace.prefab using Guid(0675cb5bd4efcab428749afd9f150445) Importer(815301076,1909f56bfc062723c751e8b465ee728b)  -> (artifact id: 'fe049453b33a70c112f2cd755b8bee68') in 0.095412 seconds
  Import took 0.102222 seconds .

========================================================================
Received Import Request.
  Time since last request: 2.425426 seconds.
  path: Assets/Resources/Prefabs/Environments/Barracks.prefab
  artifactKey: Guid(81e77c9a0b983de4c9e9170fc313c9be) Importer(815301076,1909f56bfc062723c751e8b465ee728b)
Start importing Assets/Resources/Prefabs/Environments/Barracks.prefab using Guid(81e77c9a0b983de4c9e9170fc313c9be) Importer(815301076,1909f56bfc062723c751e8b465ee728b)  -> (artifact id: 'ea401f49dfbd6571e715b350268e88ff') in 0.124357 seconds
  Import took 0.133991 seconds .

========================================================================
Received Import Request.
  Time since last request: 2.896672 seconds.
  path: Assets/Resources/Prefabs/Environments/Long_Hall.prefab
  artifactKey: Guid(c0880fd203faa674884812a982af8f5d) Importer(815301076,1909f56bfc062723c751e8b465ee728b)
Start importing Assets/Resources/Prefabs/Environments/Long_Hall.prefab using Guid(c0880fd203faa674884812a982af8f5d) Importer(815301076,1909f56bfc062723c751e8b465ee728b)  -> (artifact id: '797de7605dc5e3a012c8f85533025e4b') in 0.321557 seconds
  Import took 0.339218 seconds .

========================================================================
Received Import Request.
  Time since last request: 1.843397 seconds.
  path: Assets/Resources/Prefabs/Environments/Cells.prefab
  artifactKey: Guid(6028afaae0e3a3f449aea3bd647879e8) Importer(815301076,1909f56bfc062723c751e8b465ee728b)
Start importing Assets/Resources/Prefabs/Environments/Cells.prefab using Guid(6028afaae0e3a3f449aea3bd647879e8) Importer(815301076,1909f56bfc062723c751e8b465ee728b)  -> (artifact id: '3af44649ec7eb117d9f26f571668b453') in 0.138916 seconds
  Import took 0.147556 seconds .

========================================================================
Received Import Request.
  Time since last request: 1.728890 seconds.
  path: Assets/Resources/Prefabs/Environments/Sewer.prefab
  artifactKey: Guid(c610e10e51ceb25468c2182677672cab) Importer(815301076,1909f56bfc062723c751e8b465ee728b)
Start importing Assets/Resources/Prefabs/Environments/Sewer.prefab using Guid(c610e10e51ceb25468c2182677672cab) Importer(815301076,1909f56bfc062723c751e8b465ee728b)  -> (artifact id: '49db937e497fe304d4e8c4bff9d32095') in 0.081736 seconds
  Import took 0.088988 seconds .

========================================================================
Received Import Request.
  Time since last request: 2.617109 seconds.
  path: Assets/Resources/Prefabs/Environments/Center_Hall.prefab
  artifactKey: Guid(3d985bc9b3009124a82d58195bf97098) Importer(815301076,1909f56bfc062723c751e8b465ee728b)
Start importing Assets/Resources/Prefabs/Environments/Center_Hall.prefab using Guid(3d985bc9b3009124a82d58195bf97098) Importer(815301076,1909f56bfc062723c751e8b465ee728b)  -> (artifact id: 'def536a40c19b82097b90d4b7c8c3616') in 0.226364 seconds
  Import took 0.238773 seconds .

========================================================================
Received Import Request.
  Time since last request: 2.150254 seconds.
  path: Assets/Resources/Prefabs/Environments/Outside.prefab
  artifactKey: Guid(5c907c9530b35ca43858eaecfda8d810) Importer(815301076,1909f56bfc062723c751e8b465ee728b)
Start importing Assets/Resources/Prefabs/Environments/Outside.prefab using Guid(5c907c9530b35ca43858eaecfda8d810) Importer(815301076,1909f56bfc062723c751e8b465ee728b)  -> (artifact id: '55d5364f20ba6ec81147be754161f032') in 0.414091 seconds
  Import took 0.434289 seconds .

========================================================================
Received Prepare
Registering precompiled user dll's ...
Registered in 0.003185 seconds.
Begin MonoManager ReloadAssembly
Native extension for WindowsStandalone target not found
Refreshing native plugins compatible for Editor in 0.93 ms, found 0 plugins.
Preloading 0 native plugins for Editor in 0.00 ms.
Invoked RoslynAnalysisRunner static constructor.
RoslynAnalysisRunner will not be running.
RoslynAnalysisRunner has terminated.
Mono: successfully reloaded assembly
- Completed reload, in  1.524 seconds
Platform modules already initialized, skipping
Refreshing native plugins compatible for Editor in 0.92 ms, found 0 plugins.
Preloading 0 native plugins for Editor in 0.00 ms.
Unloading 1370 Unused Serialized files (Serialized files now loaded: 0)
System memory in use before: 111.3 MB.
System memory in use after: 111.4 MB.

Unloading 7 unused Assets to reduce memory usage. Loaded Objects now: 1918.
Total: 3.198300 ms (FindLiveObjects: 0.317800 ms CreateObjectMapping: 0.058800 ms MarkObjects: 2.711200 ms  DeleteObjects: 0.108600 ms)

AssetImportWorkerClient::OnTransportError - code=2 error=End of file
